# JRE version: Java(TM) SE Runtime Environment (8.0_92-b14) (build 1.8.0_92-b14)
# Java VM: Java HotSpot(TM) 64-Bit Server VM (25.92-b14 mixed mode windows-amd64 compressed oops)
Heap:
 PSYoungGen      total 648704K, used 149074K [0x000000076b900000, 0x0000000799f80000, 0x00000007c0000000)
  eden space 622592K, 21% used [0x000000076b900000,0x0000000773e3c438,0x0000000791900000)
  from space 26112K, 48% used [0x0000000791900000,0x0000000792558418,0x0000000793280000)
  to   space 23552K, 0% used [0x0000000798880000,0x0000000798880000,0x0000000799f80000)
 ParOldGen       total 146432K, used 35463K [0x00000006c2a00000, 0x00000006cb900000, 0x000000076b900000)
  object space 146432K, 24% used [0x00000006c2a00000,0x00000006c4ca1dd0,0x00000006cb900000)
 Metaspace       used 26007K, capacity 26750K, committed 27184K, reserved 1073152K
  class space    used 3027K, capacity 3286K, committed 3376K, reserved 1048576K
GC Heap History (10 events):
Event: 19.262 GC heap before
{Heap before GC invocations=16 (full 1):
 PSYoungGen      total 547840K, used 529265K [0x000000076b900000, 0x0000000795c00000, 0x00000007c0000000)
  eden space 521216K, 100% used [0x000000076b900000,0x000000078b600000,0x000000078b600000)
  from space 26624K, 30% used [0x000000078d100000,0x000000078d8dc628,0x000000078eb00000)
  to   space 27648K, 0% used [0x000000078b600000,0x000000078b600000,0x000000078d100000)
 ParOldGen       total 146432K, used 35447K [0x00000006c2a00000, 0x00000006cb900000, 0x000000076b900000)
  object space 146432K, 24% used [0x00000006c2a00000,0x00000006c4c9ddd0,0x00000006cb900000)
 Metaspace       used 25981K, capacity 26738K, committed 27184K, reserved 1073152K
  class space    used 3026K, capacity 3284K, committed 3376K, reserved 1048576K
Event: 19.268 GC heap after
Heap after GC invocations=16 (full 1):
 PSYoungGen      total 548864K, used 14065K [0x000000076b900000, 0x0000000794c80000, 0x00000007c0000000)
  eden space 521216K, 0% used [0x000000076b900000,0x000000076b900000,0x000000078b600000)
  from space 27648K, 50% used [0x000000078b600000,0x000000078c3bc6c8,0x000000078d100000)
  to   space 26624K, 0% used [0x0000000793280000,0x0000000793280000,0x0000000794c80000)
 ParOldGen       total 146432K, used 35455K [0x00000006c2a00000, 0x00000006cb900000, 0x000000076b900000)
  object space 146432K, 24% used [0x00000006c2a00000,0x00000006c4c9fdd0,0x00000006cb900000)
 Metaspace       used 25981K, capacity 26738K, committed 27184K, reserved 1073152K
  class space    used 3026K, capacity 3284K, committed 3376K, reserved 1048576K
}
Event: 19.961 GC heap before
{Heap before GC invocations=17 (full 1):
 PSYoungGen      total 548864K, used 535281K [0x000000076b900000, 0x0000000794c80000, 0x00000007c0000000)
  eden space 521216K, 100% used [0x000000076b900000,0x000000078b600000,0x000000078b600000)
  from space 27648K, 50% used [0x000000078b600000,0x000000078c3bc6c8,0x000000078d100000)
  to   space 26624K, 0% used [0x0000000793280000,0x0000000793280000,0x0000000794c80000)
 ParOldGen       total 146432K, used 35455K [0x00000006c2a00000, 0x00000006cb900000, 0x000000076b900000)
  object space 146432K, 24% used [0x00000006c2a00000,0x00000006c4c9fdd0,0x00000006cb900000)
 Metaspace       used 25992K, capacity 26744K, committed 27184K, reserved 1073152K
  class space    used 3027K, capacity 3285K, committed 3376K, reserved 1048576K
Event: 19.969 GC heap after
Heap after GC invocations=17 (full 1):
 PSYoungGen      total 649216K, used 8703K [0x000000076b900000, 0x0000000795800000, 0x00000007c0000000)
  eden space 622592K, 0% used [0x000000076b900000,0x000000076b900000,0x0000000791900000)
  from space 26624K, 32% used [0x0000000793280000,0x0000000793afff50,0x0000000794c80000)
  to   space 26112K, 0% used [0x0000000791900000,0x0000000791900000,0x0000000793280000)
 ParOldGen       total 146432K, used 35455K [0x00000006c2a00000, 0x00000006cb900000, 0x000000076b900000)
  object space 146432K, 24% used [0x00000006c2a00000,0x00000006c4c9fdd0,0x00000006cb900000)
 Metaspace       used 25992K, capacity 26744K, committed 27184K, reserved 1073152K
  class space    used 3027K, capacity 3285K, committed 3376K, reserved 1048576K
}
Event: 20.901 GC heap before
{Heap before GC invocations=18 (full 1):
 PSYoungGen      total 649216K, used 631295K [0x000000076b900000, 0x0000000795800000, 0x00000007c0000000)
  eden space 622592K, 100% used [0x000000076b900000,0x0000000791900000,0x0000000791900000)
  from space 26624K, 32% used [0x0000000793280000,0x0000000793afff50,0x0000000794c80000)
  to   space 26112K, 0% used [0x0000000791900000,0x0000000791900000,0x0000000793280000)
 ParOldGen       total 146432K, used 35455K [0x00000006c2a00000, 0x00000006cb900000, 0x000000076b900000)
  object space 146432K, 24% used [0x00000006c2a00000,0x00000006c4c9fdd0,0x00000006cb900000)
 Metaspace       used 26001K, capacity 26744K, committed 27184K, reserved 1073152K
  class space    used 3027K, capacity 3285K, committed 3376K, reserved 1048576K
Event: 20.908 GC heap after
Heap after GC invocations=18 (full 1):
 PSYoungGen      total 648704K, used 9312K [0x000000076b900000, 0x0000000795800000, 0x00000007c0000000)
  eden space 622592K, 0% used [0x000000076b900000,0x000000076b900000,0x0000000791900000)
  from space 26112K, 35% used [0x0000000791900000,0x00000007922183f8,0x0000000793280000)
  to   space 26624K, 0% used [0x0000000793280000,0x0000000793280000,0x0000000794c80000)
 ParOldGen       total 146432K, used 35455K [0x00000006c2a00000, 0x00000006cb900000, 0x000000076b900000)
  object space 146432K, 24% used [0x00000006c2a00000,0x00000006c4c9fdd0,0x00000006cb900000)
 Metaspace       used 26001K, capacity 26744K, committed 27184K, reserved 1073152K
  class space    used 3027K, capacity 3285K, committed 3376K, reserved 1048576K
}
Event: 21.729 GC heap before
{Heap before GC invocations=19 (full 1):
 PSYoungGen      total 648704K, used 631904K [0x000000076b900000, 0x0000000795800000, 0x00000007c0000000)
  eden space 622592K, 100% used [0x000000076b900000,0x0000000791900000,0x0000000791900000)
  from space 26112K, 35% used [0x0000000791900000,0x00000007922183f8,0x0000000793280000)
  to   space 26624K, 0% used [0x0000000793280000,0x0000000793280000,0x0000000794c80000)
 ParOldGen       total 146432K, used 35455K [0x00000006c2a00000, 0x00000006cb900000, 0x000000076b900000)
  object space 146432K, 24% used [0x00000006c2a00000,0x00000006c4c9fdd0,0x00000006cb900000)
 Metaspace       used 26005K, capacity 26744K, committed 27184K, reserved 1073152K
  class space    used 3027K, capacity 3285K, committed 3376K, reserved 1048576K
Event: 21.734 GC heap after
Heap after GC invocations=19 (full 1):
 PSYoungGen      total 649216K, used 8639K [0x000000076b900000, 0x0000000795800000, 0x00000007c0000000)
  eden space 622592K, 0% used [0x000000076b900000,0x000000076b900000,0x0000000791900000)
  from space 26624K, 32% used [0x0000000793280000,0x0000000793aeff50,0x0000000794c80000)
  to   space 26112K, 0% used [0x0000000791900000,0x0000000791900000,0x0000000793280000)
 ParOldGen       total 146432K, used 35455K [0x00000006c2a00000, 0x00000006cb900000, 0x000000076b900000)
  object space 146432K, 24% used [0x00000006c2a00000,0x00000006c4c9fdd0,0x00000006cb900000)
 Metaspace       used 26005K, capacity 26744K, committed 27184K, reserved 1073152K
  class space    used 3027K, capacity 3285K, committed 3376K, reserved 1048576K
}
Event: 22.487 GC heap before
{Heap before GC invocations=20 (full 1):
 PSYoungGen      total 649216K, used 631231K [0x000000076b900000, 0x0000000795800000, 0x00000007c0000000)
  eden space 622592K, 100% used [0x000000076b900000,0x0000000791900000,0x0000000791900000)
  from space 26624K, 32% used [0x0000000793280000,0x0000000793aeff50,0x0000000794c80000)
  to   space 26112K, 0% used [0x0000000791900000,0x0000000791900000,0x0000000793280000)
 ParOldGen       total 146432K, used 35455K [0x00000006c2a00000, 0x00000006cb900000, 0x000000076b900000)
  object space 146432K, 24% used [0x00000006c2a00000,0x00000006c4c9fdd0,0x00000006cb900000)
 Metaspace       used 26007K, capacity 26750K, committed 27184K, reserved 1073152K
  class space    used 3027K, capacity 3286K, committed 3376K, reserved 1048576K
Event: 22.493 GC heap after
Heap after GC invocations=20 (full 1):
 PSYoungGen      total 648704K, used 12641K [0x000000076b900000, 0x0000000799f80000, 0x00000007c0000000)
  eden space 622592K, 0% used [0x000000076b900000,0x000000076b900000,0x0000000791900000)
  from space 26112K, 48% used [0x0000000791900000,0x0000000792558418,0x0000000793280000)
  to   space 23552K, 0% used [0x0000000798880000,0x0000000798880000,0x0000000799f80000)
 ParOldGen       total 146432K, used 35463K [0x00000006c2a00000, 0x00000006cb900000, 0x000000076b900000)
  object space 146432K, 24% used [0x00000006c2a00000,0x00000006c4ca1dd0,0x00000006cb900000)
 Metaspace       used 26007K, capacity 26750K, committed 27184K, reserved 1073152K
  class space    used 3027K, capacity 3286K, committed 3376K, reserved 1048576K
}

