# JRE version: Java(TM) SE Runtime Environment (8.0_92-b14) (build 1.8.0_92-b14)
# Java VM: Java HotSpot(TM) 64-Bit Server VM (25.92-b14 mixed mode windows-amd64 compressed oops)
Heap:
 PSYoungGen      total 530432K, used 176090K [0x000000076b900000, 0x0000000794400000, 0x00000007c0000000)
  eden space 501248K, 33% used [0x000000076b900000,0x0000000775f56b90,0x000000078a280000)
  from space 29184K, 19% used [0x000000078a280000,0x000000078a820000,0x000000078bf00000)
  to   space 28672K, 0% used [0x0000000792800000,0x0000000792800000,0x0000000794400000)
 ParOldGen       total 111616K, used 58155K [0x00000006c2a00000, 0x00000006c9700000, 0x000000076b900000)
  object space 111616K, 52% used [0x00000006c2a00000,0x00000006c62cae00,0x00000006c9700000)
 Metaspace       used 30681K, capacity 31404K, committed 31616K, reserved 1077248K
  class space    used 3653K, capacity 3901K, committed 3968K, reserved 1048576K
GC Heap History (10 events):
Event: 18.792 GC heap before
{Heap before GC invocations=14 (full 1):
 PSYoungGen      total 292864K, used 273504K [0x000000076b900000, 0x000000077f700000, 0x00000007c0000000)
  eden space 266240K, 100% used [0x000000076b900000,0x000000077bd00000,0x000000077bd00000)
  from space 26624K, 27% used [0x000000077dd00000,0x000000077e418000,0x000000077f700000)
  to   space 29696K, 0% used [0x000000077bd00000,0x000000077bd00000,0x000000077da00000)
 ParOldGen       total 111616K, used 55043K [0x00000006c2a00000, 0x00000006c9700000, 0x000000076b900000)
  object space 111616K, 49% used [0x00000006c2a00000,0x00000006c5fc0df0,0x00000006c9700000)
 Metaspace       used 30363K, capacity 31150K, committed 31360K, reserved 1077248K
  class space    used 3637K, capacity 3864K, committed 3968K, reserved 1048576K
Event: 18.799 GC heap after
Heap after GC invocations=14 (full 1):
 PSYoungGen      total 295936K, used 8224K [0x000000076b900000, 0x0000000786780000, 0x00000007c0000000)
  eden space 266240K, 0% used [0x000000076b900000,0x000000076b900000,0x000000077bd00000)
  from space 29696K, 27% used [0x000000077bd00000,0x000000077c508000,0x000000077da00000)
  to   space 29696K, 0% used [0x0000000784a80000,0x0000000784a80000,0x0000000786780000)
 ParOldGen       total 111616K, used 55211K [0x00000006c2a00000, 0x00000006c9700000, 0x000000076b900000)
  object space 111616K, 49% used [0x00000006c2a00000,0x00000006c5feadf0,0x00000006c9700000)
 Metaspace       used 30363K, capacity 31150K, committed 31360K, reserved 1077248K
  class space    used 3637K, capacity 3864K, committed 3968K, reserved 1048576K
}
Event: 20.069 GC heap before
{Heap before GC invocations=15 (full 1):
 PSYoungGen      total 295936K, used 274464K [0x000000076b900000, 0x0000000786780000, 0x00000007c0000000)
  eden space 266240K, 100% used [0x000000076b900000,0x000000077bd00000,0x000000077bd00000)
  from space 29696K, 27% used [0x000000077bd00000,0x000000077c508000,0x000000077da00000)
  to   space 29696K, 0% used [0x0000000784a80000,0x0000000784a80000,0x0000000786780000)
 ParOldGen       total 111616K, used 55211K [0x00000006c2a00000, 0x00000006c9700000, 0x000000076b900000)
  object space 111616K, 49% used [0x00000006c2a00000,0x00000006c5feadf0,0x00000006c9700000)
 Metaspace       used 30448K, capacity 31226K, committed 31616K, reserved 1077248K
  class space    used 3640K, capacity 3866K, committed 3968K, reserved 1048576K
Event: 20.071 GC heap after
Heap after GC invocations=15 (full 1):
 PSYoungGen      total 394752K, used 2016K [0x000000076b900000, 0x0000000786000000, 0x00000007c0000000)
  eden space 372736K, 0% used [0x000000076b900000,0x000000076b900000,0x0000000782500000)
  from space 22016K, 9% used [0x0000000784a80000,0x0000000784c78000,0x0000000786000000)
  to   space 30208K, 0% used [0x0000000782500000,0x0000000782500000,0x0000000784280000)
 ParOldGen       total 111616K, used 55699K [0x00000006c2a00000, 0x00000006c9700000, 0x000000076b900000)
  object space 111616K, 49% used [0x00000006c2a00000,0x00000006c6064df0,0x00000006c9700000)
 Metaspace       used 30448K, capacity 31226K, committed 31616K, reserved 1077248K
  class space    used 3640K, capacity 3866K, committed 3968K, reserved 1048576K
}
Event: 21.043 GC heap before
{Heap before GC invocations=16 (full 1):
 PSYoungGen      total 394752K, used 374752K [0x000000076b900000, 0x0000000786000000, 0x00000007c0000000)
  eden space 372736K, 100% used [0x000000076b900000,0x0000000782500000,0x0000000782500000)
  from space 22016K, 9% used [0x0000000784a80000,0x0000000784c78000,0x0000000786000000)
  to   space 30208K, 0% used [0x0000000782500000,0x0000000782500000,0x0000000784280000)
 ParOldGen       total 111616K, used 55699K [0x00000006c2a00000, 0x00000006c9700000, 0x000000076b900000)
  object space 111616K, 49% used [0x00000006c2a00000,0x00000006c6064df0,0x00000006c9700000)
 Metaspace       used 30514K, capacity 31296K, committed 31616K, reserved 1077248K
  class space    used 3641K, capacity 3867K, committed 3968K, reserved 1048576K
Event: 21.051 GC heap after
Heap after GC invocations=16 (full 1):
 PSYoungGen      total 402944K, used 6080K [0x000000076b900000, 0x000000078e880000, 0x00000007c0000000)
  eden space 372736K, 0% used [0x000000076b900000,0x000000076b900000,0x0000000782500000)
  from space 30208K, 20% used [0x0000000782500000,0x0000000782af0020,0x0000000784280000)
  to   space 29696K, 0% used [0x000000078cb80000,0x000000078cb80000,0x000000078e880000)
 ParOldGen       total 111616K, used 56475K [0x00000006c2a00000, 0x00000006c9700000, 0x000000076b900000)
  object space 111616K, 50% used [0x00000006c2a00000,0x00000006c6126df0,0x00000006c9700000)
 Metaspace       used 30514K, capacity 31296K, committed 31616K, reserved 1077248K
  class space    used 3641K, capacity 3867K, committed 3968K, reserved 1048576K
}
Event: 23.473 GC heap before
{Heap before GC invocations=17 (full 1):
 PSYoungGen      total 402944K, used 378816K [0x000000076b900000, 0x000000078e880000, 0x00000007c0000000)
  eden space 372736K, 100% used [0x000000076b900000,0x0000000782500000,0x0000000782500000)
  from space 30208K, 20% used [0x0000000782500000,0x0000000782af0020,0x0000000784280000)
  to   space 29696K, 0% used [0x000000078cb80000,0x000000078cb80000,0x000000078e880000)
 ParOldGen       total 111616K, used 56475K [0x00000006c2a00000, 0x00000006c9700000, 0x000000076b900000)
  object space 111616K, 50% used [0x00000006c2a00000,0x00000006c6126df0,0x00000006c9700000)
 Metaspace       used 30675K, capacity 31404K, committed 31616K, reserved 1077248K
  class space    used 3653K, capacity 3901K, committed 3968K, reserved 1048576K
Event: 23.479 GC heap after
Heap after GC invocations=17 (full 1):
 PSYoungGen      total 517632K, used 4576K [0x000000076b900000, 0x000000078db80000, 0x00000007c0000000)
  eden space 501248K, 0% used [0x000000076b900000,0x000000076b900000,0x000000078a280000)
  from space 16384K, 27% used [0x000000078cb80000,0x000000078cff8020,0x000000078db80000)
  to   space 29184K, 0% used [0x000000078a280000,0x000000078a280000,0x000000078bf00000)
 ParOldGen       total 111616K, used 57219K [0x00000006c2a00000, 0x00000006c9700000, 0x000000076b900000)
  object space 111616K, 51% used [0x00000006c2a00000,0x00000006c61e0df0,0x00000006c9700000)
 Metaspace       used 30675K, capacity 31404K, committed 31616K, reserved 1077248K
  class space    used 3653K, capacity 3901K, committed 3968K, reserved 1048576K
}
Event: 24.306 GC heap before
{Heap before GC invocations=18 (full 1):
 PSYoungGen      total 517632K, used 505824K [0x000000076b900000, 0x000000078db80000, 0x00000007c0000000)
  eden space 501248K, 100% used [0x000000076b900000,0x000000078a280000,0x000000078a280000)
  from space 16384K, 27% used [0x000000078cb80000,0x000000078cff8020,0x000000078db80000)
  to   space 29184K, 0% used [0x000000078a280000,0x000000078a280000,0x000000078bf00000)
 ParOldGen       total 111616K, used 57219K [0x00000006c2a00000, 0x00000006c9700000, 0x000000076b900000)
  object space 111616K, 51% used [0x00000006c2a00000,0x00000006c61e0df0,0x00000006c9700000)
 Metaspace       used 30680K, capacity 31404K, committed 31616K, reserved 1077248K
  class space    used 3653K, capacity 3901K, committed 3968K, reserved 1048576K
Event: 24.311 GC heap after
Heap after GC invocations=18 (full 1):
 PSYoungGen      total 530432K, used 5760K [0x000000076b900000, 0x0000000794400000, 0x00000007c0000000)
  eden space 501248K, 0% used [0x000000076b900000,0x000000076b900000,0x000000078a280000)
  from space 29184K, 19% used [0x000000078a280000,0x000000078a820000,0x000000078bf00000)
  to   space 28672K, 0% used [0x0000000792800000,0x0000000792800000,0x0000000794400000)
 ParOldGen       total 111616K, used 58155K [0x00000006c2a00000, 0x00000006c9700000, 0x000000076b900000)
  object space 111616K, 52% used [0x00000006c2a00000,0x00000006c62cae00,0x00000006c9700000)
 Metaspace       used 30680K, capacity 31404K, committed 31616K, reserved 1077248K
  class space    used 3653K, capacity 3901K, committed 3968K, reserved 1048576K
}

